2024-11-27T23:03:55,0,START,,,
2024-11-27T23:03:56,0,DATA,{'db':'db_name','table':'table_a','column':'column_a'},2000,2050
2024-11-27T23:03:57,1,START,,,
2024-11-27T23:03:58,1,DATA,{'db':'db_name','table':'table_a','column':'column_a'},700,600
2024-11-27T23:03:59,1,COMMIT,,,
2024-11-27T23:04:00,2,START,,,
2024-11-27T23:04:01,,CHECKPOINT,{0, 2}
2024-11-27T23:04:01,2,DATA,{'db':'db_name','table':'table_a','column':'column_a'},500,400
2024-11-27T23:03:56,0,DATA,{'db': 'db_name', 'table': 'table_a', 'column': 'column_a'},2000,
2024-11-27T23:04:02,0,ABORT,,,
2024-11-27T23:03:56,0,DATA,{'db': 'db_name', 'table': 'table_a', 'column': 'column_a'},2000,
2024-11-27T23:04:01,2,DATA,{'db':'db_name','table':'table_a','column':'column_a'},500,
2024-11-27T23:04:03,2,ABORT SYSTEM,,,
2024-11-27T23:04:05,,CHECKPOINT,{0, 2}
2024-12-02T11:55:51,0,START,,,
2024-12-02T11:55:52,0,DATA,{'nama_db':'db_name','nama_kolom':'table_a','primary_key':'column_a'},2000,2050
2024-12-02T11:55:53,1,START,,,
2024-12-02T11:55:54,1,DATA,{'nama_db':'db_name','nama_kolom':'table_a','primary_key':'column_a'},700,600
2024-12-02T11:55:55,1,COMMIT,,,
2024-12-02T11:55:56,2,START,,,
2024-12-02T11:55:57,,CHECKPOINT,{0, 2}
2024-12-02T11:55:57,2,DATA,{'nama_db':'db_name','nama_kolom':'table_a','primary_key':'column_a'},500,400
2024-12-02T11:55:52,0,DATA,{'nama_db': 'db_name', 'nama_kolom': 'table_a', 'primary_key': 'column_a'},2000,
2024-12-02T11:55:58,0,ABORT,,,
2024-12-02T11:55:52,0,DATA,{'nama_db': 'db_name', 'nama_kolom': 'table_a', 'primary_key': 'column_a'},2000,
2024-12-02T11:55:57,2,DATA,{'nama_db':'db_name','nama_kolom':'table_a','primary_key':'column_a'},500,
2024-12-02T11:55:59,2,ABORT SYSTEM,,,
2024-12-02T11:56:01,,CHECKPOINT,{0, 2}
2024-12-02T11:58:41,0,START,,,
2024-12-02T11:58:42,0,DATA,{'nama_db':'db_name','nama_kolom':'table_a','primary_key':'column_a'},2000,2050
2024-12-02T11:58:43,1,START,,,
2024-12-02T11:58:44,1,DATA,{'nama_db':'db_name','nama_kolom':'table_a','primary_key':'column_a'},700,600
2024-12-02T11:58:45,1,COMMIT,,,
2024-12-02T11:58:46,2,START,,,
2024-12-02T11:58:47,,CHECKPOINT,{0, 2}
2024-12-02T11:58:47,2,DATA,{'nama_db':'db_name','nama_kolom':'table_a','primary_key':'column_a'},500,400
2024-12-02T11:58:42,0,DATA,{'nama_db': 'db_name', 'nama_kolom': 'table_a', 'primary_key': 'column_a'},2000,
2024-12-02T11:58:48,0,ABORT,,,
2024-12-02T11:58:42,0,DATA,{'nama_db': 'db_name', 'nama_kolom': 'table_a', 'primary_key': 'column_a'},2000,
2024-12-02T11:58:47,2,DATA,{'nama_db':'db_name','nama_kolom':'table_a','primary_key':'column_a'},500,
2024-12-02T11:58:49,2,ABORT SYSTEM,,,
2024-12-02T11:58:51,,CHECKPOINT,{0, 2}
2024-12-02T11:59:12,0,START,,,
2024-12-02T11:59:13,0,DATA,{'nama_db':'db_name','nama_kolom':'table_a','primary_key':'column_a'},2000,2050
2024-12-02T11:59:14,1,START,,,
2024-12-02T11:59:15,1,DATA,{'nama_db':'db_name','nama_kolom':'table_a','primary_key':'column_a'},700,600
2024-12-02T11:59:16,1,COMMIT,,,
2024-12-02T11:59:17,2,START,,,
2024-12-02T11:59:18,,CHECKPOINT,{0, 2}
2024-12-02T11:59:18,2,DATA,{'nama_db':'db_name','nama_kolom':'table_a','primary_key':'column_a'},500,400
2024-12-02T11:59:13,0,DATA,{'nama_db': 'db_name', 'nama_kolom': 'table_a', 'primary_key': 'column_a'},2000,
2024-12-02T11:59:19,0,ABORT,,,
2024-12-02T11:59:13,0,DATA,{'nama_db': 'db_name', 'nama_kolom': 'table_a', 'primary_key': 'column_a'},2000,
2024-12-02T11:59:18,2,DATA,{'nama_db':'db_name','nama_kolom':'table_a','primary_key':'column_a'},500,
2024-12-02T11:59:20,2,ABORT SYSTEM,,,
2024-12-02T11:59:22,,CHECKPOINT,{0, 2}
2024-12-02T11:59:52,0,START,,,
2024-12-02T11:59:53,0,DATA,{'nama_db':'db_name','nama_kolom':'table_a','primary_key':'column_a'},2000,2050
2024-12-02T11:59:54,1,START,,,
2024-12-02T11:59:55,1,DATA,{'nama_db':'db_name','nama_kolom':'table_a','primary_key':'column_a'},700,600
2024-12-02T11:59:56,1,COMMIT,,,
2024-12-02T11:59:57,2,START,,,
2024-12-02T11:59:58,,CHECKPOINT,{0, 2}
2024-12-02T11:59:58,2,DATA,{'nama_db':'db_name','nama_kolom':'table_a','primary_key':'column_a'},500,400
2024-12-02T11:59:53,0,DATA,{'nama_db': 'db_name', 'nama_kolom': 'table_a', 'primary_key': 'column_a'},2000,
2024-12-02T11:59:59,0,ABORT,,,
2024-12-02T11:59:53,0,DATA,{'nama_db': 'db_name', 'nama_kolom': 'table_a', 'primary_key': 'column_a'},2000,
2024-12-02T11:59:58,2,DATA,{'nama_db':'db_name','nama_kolom':'table_a','primary_key':'column_a'},500,
2024-12-02T12:00:00,2,ABORT SYSTEM,,,
2024-12-02T12:00:02,,CHECKPOINT,{0, 2}
2024-12-02T12:00:57,0,START,,,
2024-12-02T12:00:58,0,DATA,{'nama_db':'db_name','nama_kolom':'table_a','primary_key':'column_a'},2000,2050
2024-12-02T12:00:59,1,START,,,
2024-12-02T12:01:00,1,DATA,{'nama_db':'db_name','nama_kolom':'table_a','primary_key':'column_a'},700,600
2024-12-02T12:01:01,1,COMMIT,,,
2024-12-02T12:01:02,2,START,,,
2024-12-02T12:01:03,,CHECKPOINT,{0, 2}
2024-12-02T12:01:03,2,DATA,{'nama_db':'db_name','nama_kolom':'table_a','primary_key':'column_a'},500,400
2024-12-02T12:00:58,0,DATA,{'nama_db': 'db_name', 'nama_kolom': 'table_a', 'primary_key': 'column_a'},2000,
2024-12-02T12:01:04,0,ABORT,,,
2024-12-02T12:00:58,0,DATA,{'nama_db': 'db_name', 'nama_kolom': 'table_a', 'primary_key': 'column_a'},2000,
2024-12-02T12:01:03,2,DATA,{'nama_db':'db_name','nama_kolom':'table_a','primary_key':'column_a'},500,
2024-12-02T12:01:05,2,ABORT SYSTEM,,,
2024-12-02T12:01:07,,CHECKPOINT,{0, 2}
2024-12-02T12:01:53,0,START,,,
2024-12-02T12:01:54,0,DATA,{'nama_db':'db_name','nama_kolom':'table_a','primary_key':'column_a'},2000,2050
2024-12-02T12:01:55,1,START,,,
2024-12-02T12:01:56,1,DATA,{'nama_db':'db_name','nama_kolom':'table_a','primary_key':'column_a'},700,600
2024-12-02T12:01:57,1,COMMIT,,,
2024-12-02T12:01:58,2,START,,,
2024-12-02T12:01:59,,CHECKPOINT,{0, 2}
2024-12-02T12:01:59,2,DATA,{'nama_db':'db_name','nama_kolom':'table_a','primary_key':'column_a'},500,400
2024-12-02T12:01:54,0,DATA,{'nama_db': 'db_name', 'nama_kolom': 'table_a', 'primary_key': 'column_a'},2000,
2024-12-02T12:02:00,0,ABORT,,,
2024-12-02T12:01:54,0,DATA,{'nama_db': 'db_name', 'nama_kolom': 'table_a', 'primary_key': 'column_a'},2000,
2024-12-02T12:01:59,2,DATA,{'nama_db':'db_name','nama_kolom':'table_a','primary_key':'column_a'},500,
2024-12-02T12:02:01,2,ABORT SYSTEM,,,
2024-12-02T12:02:03,,CHECKPOINT,{0, 2}
2024-12-02T12:02:21,0,START,,,
2024-12-02T12:02:22,0,DATA,{'nama_db':'db_name','nama_kolom':'table_a','primary_key':'column_a'},2000,2050
2024-12-02T12:02:23,1,START,,,
2024-12-02T12:02:24,1,DATA,{'nama_db':'db_name','nama_kolom':'table_a','primary_key':'column_a'},700,600
2024-12-02T12:02:25,1,COMMIT,,,
2024-12-02T12:02:26,2,START,,,
2024-12-02T12:02:27,,CHECKPOINT,{0, 2}
2024-12-02T12:02:27,2,DATA,{'nama_db':'db_name','nama_kolom':'table_a','primary_key':'column_a'},500,400
2024-12-02T12:02:22,0,DATA,{'nama_db': 'db_name', 'nama_kolom': 'table_a', 'primary_key': 'column_a'},2000,
2024-12-02T12:02:28,0,ABORT,,,
2024-12-02T12:02:22,0,DATA,{'nama_db': 'db_name', 'nama_kolom': 'table_a', 'primary_key': 'column_a'},2000,
2024-12-02T12:02:27,2,DATA,{'nama_db':'db_name','nama_kolom':'table_a','primary_key':'column_a'},500,
2024-12-02T12:02:29,2,ABORT SYSTEM,,,
2024-12-02T12:02:31,,CHECKPOINT,{0, 2}
