2024-11-27T23:12:33,0,START,,,
2024-11-27T23:12:34,0,DATA,F,691,844
2024-11-27T23:12:35,0,COMMIT,,,
2024-11-27T23:12:36,1,START,,,
2024-11-27T23:12:37,1,DATA,D,803,933
2024-11-27T23:12:38,1,COMMIT,,,
2024-11-27T23:12:39,,CHECKPOINT,set()
2024-11-27T23:12:39,2,START,,,
2024-11-27T23:12:40,2,DATA,C,323,563
2024-11-27T23:12:40,2,DATA,C,323,
2024-11-27T23:12:41,2,ABORT,,,
2024-11-27T23:12:42,3,START,,,
2024-11-27T23:12:43,3,DATA,G,807,198
2024-11-27T23:12:44,3,COMMIT,,,
2024-11-27T23:12:45,,CHECKPOINT,{2}
2024-11-27T23:12:45,4,START,,,
2024-11-27T23:12:46,4,DATA,F,568,982
2024-11-27T23:12:46,4,DATA,F,568,
2024-11-27T23:12:47,4,ABORT,,,
2024-11-27T23:12:48,5,START,,,
2024-11-27T23:12:49,5,DATA,E,728,512
2024-11-27T23:12:50,5,COMMIT,,,
2024-11-27T23:12:51,,CHECKPOINT,{2, 4}
2024-11-27T23:12:51,6,START,,,
2024-11-27T23:12:52,6,DATA,B,653,895
2024-11-27T23:12:53,6,COMMIT,,,
2024-11-27T23:12:54,7,START,,,
2024-11-27T23:12:55,7,DATA,A,428,484
2024-11-27T23:12:56,7,COMMIT,,,
2024-11-27T23:12:57,,CHECKPOINT,{2, 4}
2024-11-27T23:12:57,8,START,,,
2024-11-27T23:12:58,8,DATA,G,948,1000
2024-11-27T23:12:59,8,COMMIT,,,
2024-11-27T23:13:00,9,START,,,
2024-11-27T23:13:01,9,DATA,B,206,339
2024-11-27T23:13:01,9,DATA,B,206,
2024-11-27T23:13:02,9,ABORT,,,
2024-11-27T23:13:03,,CHECKPOINT,{2, 4, 9}
2024-11-27T23:13:03,10,START,,,
2024-11-27T23:13:04,10,DATA,E,728,196
2024-11-27T23:13:04,10,DATA,E,728,
2024-11-27T23:13:05,10,ABORT,,,
2024-11-27T23:13:06,11,START,,,
2024-11-27T23:13:07,11,DATA,F,678,748
2024-11-27T23:13:07,11,DATA,F,678,
2024-11-27T23:13:08,11,ABORT,,,
2024-11-27T23:13:09,,CHECKPOINT,{2, 4, 9, 10, 11}
2024-11-27T23:13:09,12,START,,,
2024-11-27T23:13:10,12,DATA,A,491,271
2024-11-27T23:13:11,12,COMMIT,,,
2024-11-27T23:13:12,13,START,,,
2024-11-27T23:13:13,13,DATA,F,836,615
2024-11-27T23:13:14,13,COMMIT,,,
2024-11-27T23:13:15,,CHECKPOINT,{2, 4, 9, 10, 11}
2024-11-27T23:13:15,14,START,,,
2024-11-27T23:13:16,14,DATA,E,220,977
2024-11-27T23:13:17,14,COMMIT,,,
2024-11-27T23:13:18,15,START,,,
2024-11-27T23:13:19,15,DATA,B,319,225
2024-11-27T23:13:19,15,DATA,B,319,
2024-11-27T23:13:20,15,ABORT,,,
2024-11-27T23:13:21,,CHECKPOINT,{2, 4, 9, 10, 11, 15}
2024-11-27T23:13:21,16,START,,,
2024-11-27T23:13:22,16,DATA,G,439,911
2024-11-27T23:13:22,16,DATA,G,439,
2024-11-27T23:13:23,16,ABORT,,,
2024-11-27T23:13:24,17,START,,,
2024-11-27T23:13:25,17,DATA,D,533,334
2024-11-27T23:13:25,17,DATA,D,533,
2024-11-27T23:13:26,17,ABORT,,,
2024-11-27T23:13:27,,CHECKPOINT,{2, 4, 9, 10, 11, 15, 16, 17}
2024-11-27T23:13:25,17,DATA,D,533,
2024-11-27T23:13:25,17,DATA,D,533,
2024-11-27T23:13:27,17,ABORT SYSTEM,,,
2024-11-27T23:13:28,18,START,,,
2024-11-27T23:13:29,18,DATA,B,492,398
2024-11-27T23:13:29,18,DATA,B,492,
2024-11-27T23:13:30,18,ABORT,,,
2024-11-27T23:13:31,19,START,,,
2024-11-27T23:13:32,19,DATA,D,422,986
2024-11-27T23:13:33,,CHECKPOINT,{2, 4, 9, 10, 11, 15, 16, 17, 18, 19}
2024-11-27T23:13:32,19,DATA,D,422,
2024-11-27T23:13:33,19,ABORT,,,
2024-11-27T23:13:34,20,START,,,
2024-11-27T23:13:35,20,DATA,C,363,601
2024-11-27T23:13:35,20,DATA,C,363,
2024-11-27T23:13:36,20,ABORT,,,
2024-11-27T23:13:37,21,START,,,
2024-11-27T23:13:38,21,DATA,E,907,126
2024-11-27T23:13:39,,CHECKPOINT,{2, 4, 9, 10, 11, 15, 16, 17, 18, 19, 20, 21}
2024-11-27T23:13:39,21,COMMIT,,,
2024-11-27T23:13:40,22,START,,,
2024-11-27T23:13:41,22,DATA,F,1000,217
2024-11-27T23:13:41,22,DATA,F,1000,
2024-11-27T23:13:42,22,ABORT,,,
2024-11-27T23:13:43,23,START,,,
2024-11-27T23:13:44,23,DATA,G,805,692
2024-11-27T23:13:45,,CHECKPOINT,{2, 4, 9, 10, 11, 15, 16, 17, 18, 19, 20, 22, 23}
2024-11-27T23:13:44,23,DATA,G,805,
2024-11-27T23:13:45,23,ABORT,,,
2024-11-27T23:13:46,24,START,,,
2024-11-27T23:13:47,24,DATA,F,464,249
2024-11-27T23:13:47,24,DATA,F,464,
2024-11-27T23:13:48,24,ABORT,,,
2024-11-27T23:13:49,25,START,,,
2024-11-27T23:13:50,25,DATA,D,640,947
2024-11-27T23:13:51,,CHECKPOINT,{2, 4, 9, 10, 11, 15, 16, 17, 18, 19, 20, 22, 23, 24, 25}
2024-11-27T23:13:51,25,COMMIT,,,
2024-11-27T23:13:52,26,START,,,
2024-11-27T23:13:53,26,DATA,A,703,726
2024-11-27T23:13:53,26,DATA,A,703,
2024-11-27T23:13:54,26,ABORT,,,
2024-11-27T23:13:55,27,START,,,
2024-11-27T23:13:56,27,DATA,G,841,776
2024-11-27T23:13:57,,CHECKPOINT,{2, 4, 9, 10, 11, 15, 16, 17, 18, 19, 20, 22, 23, 24, 26, 27}
2024-11-27T23:13:56,27,DATA,G,841,
2024-11-27T23:13:57,27,ABORT,,,
2024-11-27T23:13:58,28,START,,,
2024-11-27T23:13:59,28,DATA,G,584,855
2024-11-27T23:13:59,28,DATA,G,584,
2024-11-27T23:14:00,28,ABORT,,,
2024-11-27T23:14:01,29,START,,,
2024-11-27T23:14:02,29,DATA,G,654,814
2024-11-27T23:14:03,,CHECKPOINT,{2, 4, 9, 10, 11, 15, 16, 17, 18, 19, 20, 22, 23, 24, 26, 27, 28, 29}
2024-11-27T23:14:02,29,DATA,G,654,
2024-11-27T23:14:03,29,ABORT,,,
2024-11-27T23:14:04,30,START,,,
2024-11-27T23:14:05,30,DATA,B,923,959
2024-11-27T23:14:06,30,COMMIT,,,
2024-11-27T23:14:07,31,START,,,
2024-11-27T23:14:08,31,DATA,F,817,714
2024-11-27T23:14:09,,CHECKPOINT,{2, 4, 9, 10, 11, 15, 16, 17, 18, 19, 20, 22, 23, 24, 26, 27, 28, 29, 31}
2024-11-27T23:14:09,31,COMMIT,,,
2024-11-27T23:14:10,32,START,,,
2024-11-27T23:14:11,32,DATA,C,178,132
2024-11-27T23:14:12,32,COMMIT,,,
2024-11-27T23:14:13,33,START,,,
2024-11-27T23:14:14,33,DATA,D,336,732
2024-11-27T23:14:15,,CHECKPOINT,{2, 4, 9, 10, 11, 15, 16, 17, 18, 19, 20, 22, 23, 24, 26, 27, 28, 29, 33}
2024-11-27T23:14:14,33,DATA,D,336,
2024-11-27T23:14:15,33,ABORT,,,
2024-11-27T23:14:16,34,START,,,
2024-11-27T23:14:17,34,DATA,D,137,662
2024-11-27T23:14:17,34,DATA,D,137,
2024-11-27T23:14:18,34,ABORT,,,
2024-11-27T23:14:14,33,DATA,D,336,
2024-11-27T23:14:14,33,DATA,D,336,
2024-11-27T23:14:19,34,ABORT SYSTEM,,,
2024-11-27T23:14:20,35,START,,,
2024-11-27T23:14:21,,CHECKPOINT,{2, 4, 9, 10, 11, 15, 16, 17, 18, 19, 20, 22, 23, 24, 26, 27, 28, 29, 33, 34, 35}
2024-11-27T23:14:21,,CHECKPOINT,{2, 4, 9, 10, 11, 15, 16, 17, 18, 19, 20, 22, 23, 24, 26, 27, 28, 29, 33, 34, 35}
